
Deploying to stage dev
product-service › waiting
import-service › waiting
authorization-service › waiting
product-service › deploying
authorization-service › deploying
product-service › Running "serverless deploy --stage dev"
product-service › Running "serverless" from node_modules
authorization-service › Running "serverless deploy --stage dev"
authorization-service › Running "serverless" from node_modules
product-service › Deploying product-service-natallia-adziyanava to stage dev (eu-central-1)
product-service › Creating Swagger file...
authorization-service › DOTENV: Loading environment variables from .env:
authorization-service › - milanaadams
authorization-service › Deploying auth-service-natallia-adziyanava to stage dev (eu-central-1)
product-service › No changes to deploy. Deployment skipped. (4s)
authorization-service › No changes to deploy. Deployment skipped. (2s)
product-service › no changes
authorization-service › Need a better logging experience than CloudWatch? Try our Dev Mode in console: run "serverless --console"
authorization-service › Running "serverless info --verbose --stage dev"
authorization-service › Running "serverless" from node_modules
authorization-service › DOTENV: Loading environment variables from .env:
authorization-service › - milanaadams
authorization-service › service: auth-service-natallia-adziyanava
authorization-service › stage: dev
authorization-service › region: eu-central-1
authorization-service › stack: auth-service-natallia-adziyanava-dev
authorization-service › functions:
authorization-service ›   basicAuthorizer: auth-service-natallia-adziyanava-dev-basicAuthorizer
authorization-service › 
authorization-service › Stack Outputs:
authorization-service ›   BasicAuthorizerLambdaFunctionQualifiedArn: arn:aws:lambda:eu-central-1:398158581759:function:auth-service-natallia-adziyanava-dev-basicAuthorizer:1
authorization-service ›   ServerlessDeploymentBucketName: auth-service-natallia-ad-serverlessdeploymentbuck-15n6e1ygni1ea
authorization-service › no changes
import-service › deploying
import-service › Running "serverless deploy --stage dev --param CatalogItemsQueueArn=arn:aws:sqs:eu-central-1:398158581759:CatalogItemsQueue-natallia-adziyanava --param CatalogItemsQueueURL=https://sqs.eu-central-1.amazonaws.com/398158581759/CatalogItemsQueue-natallia-adziyanava"
import-service › Running "serverless" from node_modules
import-service › Deploying import-service-natallia-adziyanava to stage dev (eu-central-1)
import-service › No changes to deploy. Deployment skipped. (2s)
import-service › no changes
